# JRE version: Java(TM) SE Runtime Environment (8.0_91-b14) (build 1.8.0_91-b14)
# Java VM: Java HotSpot(TM) 64-Bit Server VM (25.91-b14 mixed mode windows-amd64 compressed oops)
Heap:
 PSYoungGen      total 766464K, used 658207K [0x0000000781a00000, 0x00000007b7e00000, 0x00000007c0000000)
  eden space 670720K, 98% used [0x0000000781a00000,0x00000007a9cc7f48,0x00000007aa900000)
  from space 95744K, 0% used [0x00000007b2080000,0x00000007b2080000,0x00000007b7e00000)
  to   space 109056K, 0% used [0x00000007aa900000,0x00000007aa900000,0x00000007b1380000)
 ParOldGen       total 249856K, used 71747K [0x0000000704e00000, 0x0000000714200000, 0x0000000781a00000)
  object space 249856K, 28% used [0x0000000704e00000,0x0000000709410f60,0x0000000714200000)
 Metaspace       used 82696K, capacity 83830K, committed 84096K, reserved 1122304K
  class space    used 10803K, capacity 11067K, committed 11136K, reserved 1048576K
GC Heap History (10 events):
Event: 89.123 GC heap before
{Heap before GC invocations=16 (full 3):
 PSYoungGen      total 476672K, used 411136K [0x0000000781a00000, 0x00000007a3580000, 0x00000007c0000000)
  eden space 411136K, 100% used [0x0000000781a00000,0x000000079ab80000,0x000000079ab80000)
  from space 65536K, 0% used [0x000000079f580000,0x000000079f580000,0x00000007a3580000)
  to   space 70656K, 0% used [0x000000079ab80000,0x000000079ab80000,0x000000079f080000)
 ParOldGen       total 177664K, used 41171K [0x0000000704e00000, 0x000000070fb80000, 0x0000000781a00000)
  object space 177664K, 23% used [0x0000000704e00000,0x0000000707634e48,0x000000070fb80000)
 Metaspace       used 65470K, capacity 66528K, committed 66816K, reserved 1107968K
  class space    used 8095K, capacity 8349K, committed 8448K, reserved 1048576K
Event: 89.161 GC heap after
Heap after GC invocations=16 (full 3):
 PSYoungGen      total 481792K, used 27725K [0x0000000781a00000, 0x00000007aa680000, 0x00000007c0000000)
  eden space 411136K, 0% used [0x0000000781a00000,0x0000000781a00000,0x000000079ab80000)
  from space 70656K, 39% used [0x000000079ab80000,0x000000079c693568,0x000000079f080000)
  to   space 66560K, 0% used [0x00000007a6580000,0x00000007a6580000,0x00000007aa680000)
 ParOldGen       total 177664K, used 41206K [0x0000000704e00000, 0x000000070fb80000, 0x0000000781a00000)
  object space 177664K, 23% used [0x0000000704e00000,0x000000070763da98,0x000000070fb80000)
 Metaspace       used 65470K, capacity 66528K, committed 66816K, reserved 1107968K
  class space    used 8095K, capacity 8349K, committed 8448K, reserved 1048576K
}
Event: 265.590 GC heap before
{Heap before GC invocations=17 (full 3):
 PSYoungGen      total 481792K, used 438861K [0x0000000781a00000, 0x00000007aa680000, 0x00000007c0000000)
  eden space 411136K, 100% used [0x0000000781a00000,0x000000079ab80000,0x000000079ab80000)
  from space 70656K, 39% used [0x000000079ab80000,0x000000079c693568,0x000000079f080000)
  to   space 66560K, 0% used [0x00000007a6580000,0x00000007a6580000,0x00000007aa680000)
 ParOldGen       total 177664K, used 41206K [0x0000000704e00000, 0x000000070fb80000, 0x0000000781a00000)
  object space 177664K, 23% used [0x0000000704e00000,0x000000070763da98,0x000000070fb80000)
 Metaspace       used 66032K, capacity 67082K, committed 67328K, reserved 1107968K
  class space    used 8113K, capacity 8357K, committed 8448K, reserved 1048576K
Event: 265.668 GC heap after
Heap after GC invocations=17 (full 3):
 PSYoungGen      total 583168K, used 66542K [0x0000000781a00000, 0x00000007ab980000, 0x00000007c0000000)
  eden space 516608K, 0% used [0x0000000781a00000,0x0000000781a00000,0x00000007a1280000)
  from space 66560K, 99% used [0x00000007a6580000,0x00000007aa67b818,0x00000007aa680000)
  to   space 84992K, 0% used [0x00000007a1280000,0x00000007a1280000,0x00000007a6580000)
 ParOldGen       total 177664K, used 61728K [0x0000000704e00000, 0x000000070fb80000, 0x0000000781a00000)
  object space 177664K, 34% used [0x0000000704e00000,0x0000000708a480b8,0x000000070fb80000)
 Metaspace       used 66032K, capacity 67082K, committed 67328K, reserved 1107968K
  class space    used 8113K, capacity 8357K, committed 8448K, reserved 1048576K
}
Event: 268.057 GC heap before
{Heap before GC invocations=18 (full 3):
 PSYoungGen      total 583168K, used 583150K [0x0000000781a00000, 0x00000007ab980000, 0x00000007c0000000)
  eden space 516608K, 100% used [0x0000000781a00000,0x00000007a1280000,0x00000007a1280000)
  from space 66560K, 99% used [0x00000007a6580000,0x00000007aa67b818,0x00000007aa680000)
  to   space 84992K, 0% used [0x00000007a1280000,0x00000007a1280000,0x00000007a6580000)
 ParOldGen       total 177664K, used 61728K [0x0000000704e00000, 0x000000070fb80000, 0x0000000781a00000)
  object space 177664K, 34% used [0x0000000704e00000,0x0000000708a480b8,0x000000070fb80000)
 Metaspace       used 66033K, capacity 67082K, committed 67328K, reserved 1107968K
  class space    used 8113K, capacity 8357K, committed 8448K, reserved 1048576K
Event: 268.170 GC heap after
Heap after GC invocations=18 (full 3):
 PSYoungGen      total 601600K, used 84972K [0x0000000781a00000, 0x00000007b8f80000, 0x00000007c0000000)
  eden space 516608K, 0% used [0x0000000781a00000,0x0000000781a00000,0x00000007a1280000)
  from space 84992K, 99% used [0x00000007a1280000,0x00000007a657b3a8,0x00000007a6580000)
  to   space 113664K, 0% used [0x00000007b2080000,0x00000007b2080000,0x00000007b8f80000)
 ParOldGen       total 177664K, used 102110K [0x0000000704e00000, 0x000000070fb80000, 0x0000000781a00000)
  object space 177664K, 57% used [0x0000000704e00000,0x000000070b1b7b50,0x000000070fb80000)
 Metaspace       used 66033K, capacity 67082K, committed 67328K, reserved 1107968K
  class space    used 8113K, capacity 8357K, committed 8448K, reserved 1048576K
}
Event: 269.927 GC heap before
{Heap before GC invocations=19 (full 3):
 PSYoungGen      total 601600K, used 335390K [0x0000000781a00000, 0x00000007b8f80000, 0x00000007c0000000)
  eden space 516608K, 48% used [0x0000000781a00000,0x0000000790e8c5b0,0x00000007a1280000)
  from space 84992K, 99% used [0x00000007a1280000,0x00000007a657b3a8,0x00000007a6580000)
  to   space 113664K, 0% used [0x00000007b2080000,0x00000007b2080000,0x00000007b8f80000)
 ParOldGen       total 177664K, used 102110K [0x0000000704e00000, 0x000000070fb80000, 0x0000000781a00000)
  object space 177664K, 57% used [0x0000000704e00000,0x000000070b1b7b50,0x000000070fb80000)
 Metaspace       used 81812K, capacity 82910K, committed 83200K, reserved 1122304K
  class space    used 10683K, capacity 10934K, committed 11008K, reserved 1048576K
Event: 269.952 GC heap after
Heap after GC invocations=19 (full 3):
 PSYoungGen      total 766464K, used 28643K [0x0000000781a00000, 0x00000007b7e00000, 0x00000007c0000000)
  eden space 670720K, 0% used [0x0000000781a00000,0x0000000781a00000,0x00000007aa900000)
  from space 95744K, 29% used [0x00000007b2080000,0x00000007b3c78fd0,0x00000007b7e00000)
  to   space 109056K, 0% used [0x00000007aa900000,0x00000007aa900000,0x00000007b1380000)
 ParOldGen       total 177664K, used 105875K [0x0000000704e00000, 0x000000070fb80000, 0x0000000781a00000)
  object space 177664K, 59% used [0x0000000704e00000,0x000000070b564ec8,0x000000070fb80000)
 Metaspace       used 81812K, capacity 82910K, committed 83200K, reserved 1122304K
  class space    used 10683K, capacity 10934K, committed 11008K, reserved 1048576K
}
Event: 269.952 GC heap before
{Heap before GC invocations=20 (full 4):
 PSYoungGen      total 766464K, used 28643K [0x0000000781a00000, 0x00000007b7e00000, 0x00000007c0000000)
  eden space 670720K, 0% used [0x0000000781a00000,0x0000000781a00000,0x00000007aa900000)
  from space 95744K, 29% used [0x00000007b2080000,0x00000007b3c78fd0,0x00000007b7e00000)
  to   space 109056K, 0% used [0x00000007aa900000,0x00000007aa900000,0x00000007b1380000)
 ParOldGen       total 177664K, used 105875K [0x0000000704e00000, 0x000000070fb80000, 0x0000000781a00000)
  object space 177664K, 59% used [0x0000000704e00000,0x000000070b564ec8,0x000000070fb80000)
 Metaspace       used 81812K, capacity 82910K, committed 83200K, reserved 1122304K
  class space    used 10683K, capacity 10934K, committed 11008K, reserved 1048576K
Event: 270.066 GC heap after
Heap after GC invocations=20 (full 4):
 PSYoungGen      total 766464K, used 0K [0x0000000781a00000, 0x00000007b7e00000, 0x00000007c0000000)
  eden space 670720K, 0% used [0x0000000781a00000,0x0000000781a00000,0x00000007aa900000)
  from space 95744K, 0% used [0x00000007b2080000,0x00000007b2080000,0x00000007b7e00000)
  to   space 109056K, 0% used [0x00000007aa900000,0x00000007aa900000,0x00000007b1380000)
 ParOldGen       total 249856K, used 71747K [0x0000000704e00000, 0x0000000714200000, 0x0000000781a00000)
  object space 249856K, 28% used [0x0000000704e00000,0x0000000709410f60,0x0000000714200000)
 Metaspace       used 81812K, capacity 82910K, committed 83200K, reserved 1122304K
  class space    used 10683K, capacity 10934K, committed 11008K, reserved 1048576K
}

